0 info it worked if it ends with ok
1 verbose cli [ 'node', '/usr/local/bin/npm', 'start' ]
2 info using npm@1.1.65
3 info using node@v0.8.14
4 verbose read json /Users/woody/ng/wls-directive/package.json
5 verbose run-script [ 'prestart', 'start', 'poststart' ]
6 info prestart wlsApp@0.0.0
7 verbose unsafe-perm in lifecycle true
8 silly exec sh "-c" "npm install"
9 silly sh,-c,npm install,/Users/woody/ng/wls-directive spawning
10 info wlsApp@0.0.0 Failed to exec prestart script
11 error wlsApp@0.0.0 prestart: `npm install`
11 error `sh "-c" "npm install"` failed with 1
12 error Failed at the wlsApp@0.0.0 prestart script.
12 error This is most likely a problem with the wlsApp package,
12 error not with npm itself.
12 error Tell the author that this fails on your system:
12 error     npm install
12 error You can get their info via:
12 error     npm owner ls wlsApp
12 error There is likely additional logging output above.
13 error System Darwin 13.4.0
14 error command "node" "/usr/local/bin/npm" "start"
15 error cwd /Users/woody/ng/wls-directive
16 error node -v v0.8.14
17 error npm -v 1.1.65
18 error code ELIFECYCLE
19 verbose exit [ 1, true ]
